Using pre-set license
Built from '2020.3/staging' branch; Version is '2020.3.23f1 (c5d91304a876) revision 12966163'; Using compiler version '192528614'; Build Type 'Release'
OS: 'Windows 10 Pro; OS build 19044.1586; Version 2009; 64bit' Language: 'tr' Physical Memory: 8050 MB
BatchMode: 1, IsHumanControllingUs: 0, StartBugReporterOnCrash: 0, Is64bit: 1, IsPro: 0

COMMAND LINE ARGUMENTS:
C:\Program Files\Unity\Hub\Editor\2020.3.23f1\Editor\Unity.exe
-adb2
-batchMode
-noUpm
-name
AssetImportWorker0
-projectPath
C:/Users/mgoza/Documents/GitHub/UdemyProject3D/UdemyProject3D
-logFile
Logs/AssetImportWorker0.log
-srvPort
63915
Successfully changed project path to: C:/Users/mgoza/Documents/GitHub/UdemyProject3D/UdemyProject3D
C:/Users/mgoza/Documents/GitHub/UdemyProject3D/UdemyProject3D
Using Asset Import Pipeline V2.
Refreshing native plugins compatible for Editor in 30.11 ms, found 2 plugins.
Preloading 0 native plugins for Editor in 0.00 ms.
Initialize engine version: 2020.3.23f1 (c5d91304a876)
[Subsystems] Discovering subsystems at path C:/Program Files/Unity/Hub/Editor/2020.3.23f1/Editor/Data/Resources/UnitySubsystems
[Subsystems] Discovering subsystems at path C:/Users/mgoza/Documents/GitHub/UdemyProject3D/UdemyProject3D/Assets
GfxDevice: creating device client; threaded=0
Direct3D:
    Version:  Direct3D 11.0 [level 11.1]
    Renderer: NVIDIA GeForce GTX 1050 (ID=0x1c91)
    Vendor:   
    VRAM:     2996 MB
    Driver:   30.0.15.1215
Initialize mono
Mono path[0] = 'C:/Program Files/Unity/Hub/Editor/2020.3.23f1/Editor/Data/Managed'
Mono path[1] = 'C:/Program Files/Unity/Hub/Editor/2020.3.23f1/Editor/Data/MonoBleedingEdge/lib/mono/unityjit'
Mono config path = 'C:/Program Files/Unity/Hub/Editor/2020.3.23f1/Editor/Data/MonoBleedingEdge/etc'
Using monoOptions --debugger-agent=transport=dt_socket,embedding=1,server=y,suspend=n,address=127.0.0.1:56332
Begin MonoManager ReloadAssembly
Registering precompiled unity dll's ...
Register platform support module: C:/Program Files/Unity/Hub/Editor/2020.3.23f1/Editor/Data/PlaybackEngines/WebGLSupport/UnityEditor.WebGL.Extensions.dll
Register platform support module: C:/Program Files/Unity/Hub/Editor/2020.3.23f1/Editor/Data/PlaybackEngines/WindowsStandaloneSupport/UnityEditor.WindowsStandalone.Extensions.dll
Registered in 0.002317 seconds.
Native extension for WindowsStandalone target not found
Native extension for WebGL target not found
Refreshing native plugins compatible for Editor in 29.01 ms, found 2 plugins.
Preloading 0 native plugins for Editor in 0.00 ms.
Mono: successfully reloaded assembly
- Completed reload, in  0.532 seconds
Domain Reload Profiling:
	ReloadAssembly (532ms)
		BeginReloadAssembly (50ms)
			ExecutionOrderSort (0ms)
			DisableScriptedObjects (0ms)
			BackupInstance (0ms)
			ReleaseScriptingObjects (0ms)
			CreateAndSetChildDomain (1ms)
		EndReloadAssembly (415ms)
			LoadAssemblies (48ms)
			RebuildTransferFunctionScriptingTraits (0ms)
			SetupTypeCache (143ms)
			ReleaseScriptCaches (0ms)
			RebuildScriptCaches (30ms)
			SetupLoadedEditorAssemblies (148ms)
				LogAssemblyErrors (0ms)
				InitializePlatformSupportModulesInManaged (5ms)
				SetLoadedEditorAssemblies (1ms)
				RefreshPlugins (29ms)
				BeforeProcessingInitializeOnLoad (14ms)
				ProcessInitializeOnLoadAttributes (74ms)
				ProcessInitializeOnLoadMethodAttributes (25ms)
				AfterProcessingInitializeOnLoad (0ms)
				EditorAssembliesLoaded (0ms)
			ExecutionOrderSort2 (0ms)
			AwakeInstancesAfterBackupRestoration (0ms)
Platform modules already initialized, skipping
Registering precompiled user dll's ...
Registered in 0.004310 seconds.
Begin MonoManager ReloadAssembly
Native extension for WindowsStandalone target not found
Native extension for WebGL target not found
Refreshing native plugins compatible for Editor in 0.34 ms, found 2 plugins.
Preloading 0 native plugins for Editor in 0.00 ms.
Mono: successfully reloaded assembly
- Completed reload, in  0.940 seconds
Domain Reload Profiling:
	ReloadAssembly (941ms)
		BeginReloadAssembly (137ms)
			ExecutionOrderSort (0ms)
			DisableScriptedObjects (5ms)
			BackupInstance (0ms)
			ReleaseScriptingObjects (0ms)
			CreateAndSetChildDomain (21ms)
		EndReloadAssembly (740ms)
			LoadAssemblies (85ms)
			RebuildTransferFunctionScriptingTraits (0ms)
			SetupTypeCache (266ms)
			ReleaseScriptCaches (0ms)
			RebuildScriptCaches (42ms)
			SetupLoadedEditorAssemblies (261ms)
				LogAssemblyErrors (0ms)
				InitializePlatformSupportModulesInManaged (5ms)
				SetLoadedEditorAssemblies (0ms)
				RefreshPlugins (0ms)
				BeforeProcessingInitializeOnLoad (70ms)
				ProcessInitializeOnLoadAttributes (171ms)
				ProcessInitializeOnLoadMethodAttributes (7ms)
				AfterProcessingInitializeOnLoad (6ms)
				EditorAssembliesLoaded (0ms)
			ExecutionOrderSort2 (0ms)
			AwakeInstancesAfterBackupRestoration (5ms)
Platform modules already initialized, skipping
========================================================================
Worker process is ready to serve import requests
Launched and connected shader compiler UnityShaderCompiler.exe after 0.09 seconds
Refreshing native plugins compatible for Editor in 0.36 ms, found 2 plugins.
Preloading 0 native plugins for Editor in 0.00 ms.
Unloading 1498 Unused Serialized files (Serialized files now loaded: 0)
System memory in use before: 67.3 MB.
System memory in use after: 67.4 MB.

Unloading 19 unused Assets to reduce memory usage. Loaded Objects now: 1930.
Total: 2.635300 ms (FindLiveObjects: 0.140800 ms CreateObjectMapping: 0.039400 ms MarkObjects: 2.392100 ms  DeleteObjects: 0.062200 ms)

AssetImportParameters requested are different than current active one (requested -> active):
  custom:framework-win-MediaFoundation: 216162199b28c13a410421893ffa2e32 -> 
  custom:video-decoder-ogg-theora: a1e56fd34408186e4bbccfd4996cb3dc -> 
  custom:container-muxer-webm: aa71ff27fc2769a1b78a27578f13a17b -> 
  custom:container-demuxer-webm: 4f35f7cbe854078d1ac9338744f61a02 -> 
  custom:container-demuxer-ogg: 62fdf1f143b41e24485cea50d1cbac27 -> 
  custom:video-encoder-webm-vp8: eb34c28f22e8b96e1ab97ce403110664 -> 
  custom:video-decoder-webm-vp8: 9c59270c3fd7afecdb556c50c9e8de78 -> 
  custom:audio-decoder-ogg-vorbis: bf7c407c2cedff20999df2af8eb42d56 -> 
  custom:audio-encoder-webm-vorbis: bf7c407c2cedff20999df2af8eb42d56 -> 
========================================================================
Received Import Request.
  path: Assets
  artifactKey: Guid(00000000000000001000000000000000) Importer(815301076,1909f56bfc062723c751e8b465ee728b)
Start importing Assets using Guid(00000000000000001000000000000000) Importer(815301076,1909f56bfc062723c751e8b465ee728b)  -> (artifact id: '42d402b061de3733987d63b9cc3b64de') in 0.009560 seconds 
  Import took 0.011673 seconds .

========================================================================
Received Import Request.
  Time since last request: 2.190545 seconds.
  path: Assets/Core Folder
  artifactKey: Guid(e0e936503482823448490c1365414d57) Importer(815301076,1909f56bfc062723c751e8b465ee728b)
Start importing Assets/Core Folder using Guid(e0e936503482823448490c1365414d57) Importer(815301076,1909f56bfc062723c751e8b465ee728b)  -> (artifact id: 'b88ddcd11a9e6aa6de1e3c7ff1d7ef84') in 0.010854 seconds 
  Import took 0.013277 seconds .

========================================================================
Received Import Request.
  Time since last request: 8.192573 seconds.
  path: Assets/Asset Folders
  artifactKey: Guid(e0e936503482823448490c1365414d57) Importer(815301076,1909f56bfc062723c751e8b465ee728b)
Start importing Assets/Asset Folders using Guid(e0e936503482823448490c1365414d57) Importer(815301076,1909f56bfc062723c751e8b465ee728b)  -> (artifact id: 'a37d38a26e9257ea0e39f649dd1374ca') in 0.011638 seconds 
  Import took 0.013914 seconds .

========================================================================
Received Import Request.
  Time since last request: 3.913156 seconds.
  path: Assets/Game Folders
  artifactKey: Guid(3c6ab4bb93f20f04f816b1cedea3ad58) Importer(815301076,1909f56bfc062723c751e8b465ee728b)
Start importing Assets/Game Folders using Guid(3c6ab4bb93f20f04f816b1cedea3ad58) Importer(815301076,1909f56bfc062723c751e8b465ee728b)  -> (artifact id: '241dd36d26ef1bab070ae5d6e35b82f1') in 0.010516 seconds 
  Import took 0.014642 seconds .

========================================================================
Received Import Request.
  Time since last request: 5.885804 seconds.
  path: Assets/Game Folders/Scripts
  artifactKey: Guid(adf6912eb819fe7459146e50cfcb18da) Importer(815301076,1909f56bfc062723c751e8b465ee728b)
Start importing Assets/Game Folders/Scripts using Guid(adf6912eb819fe7459146e50cfcb18da) Importer(815301076,1909f56bfc062723c751e8b465ee728b)  -> (artifact id: 'a49d747b613ca4859e6c2da677f39a11') in 0.009372 seconds 
  Import took 0.011797 seconds .

========================================================================
Received Import Request.
  Time since last request: 4.226213 seconds.
  path: Assets/Game Folders/Prefabs
  artifactKey: Guid(43cba654ff334094f820b7889eae46b9) Importer(815301076,1909f56bfc062723c751e8b465ee728b)
Start importing Assets/Game Folders/Prefabs using Guid(43cba654ff334094f820b7889eae46b9) Importer(815301076,1909f56bfc062723c751e8b465ee728b)  -> (artifact id: 'ff31ffb958166ef53baf06acad86f5fa') in 0.011501 seconds 
  Import took 0.014791 seconds .

========================================================================
Received Import Request.
  Time since last request: 12.723051 seconds.
  path: Assets/Game Folders/Scripts/Abstracts
  artifactKey: Guid(31dcea37399d33f4ebf02769a82860c2) Importer(815301076,1909f56bfc062723c751e8b465ee728b)
Start importing Assets/Game Folders/Scripts/Abstracts using Guid(31dcea37399d33f4ebf02769a82860c2) Importer(815301076,1909f56bfc062723c751e8b465ee728b)  -> (artifact id: 'adeab527cb97cfc247247017fbe10d16') in 0.010587 seconds 
  Import took 0.012991 seconds .

========================================================================
Received Import Request.
  Time since last request: 3.057395 seconds.
  path: Assets/Game Folders/Scripts/New Folder
  artifactKey: Guid(59ccae25ef6c775448e1ae18e976e4f4) Importer(815301076,1909f56bfc062723c751e8b465ee728b)
Start importing Assets/Game Folders/Scripts/New Folder using Guid(59ccae25ef6c775448e1ae18e976e4f4) Importer(815301076,1909f56bfc062723c751e8b465ee728b)  -> (artifact id: 'af5020ea891b4aeda734858db696ab9f') in 0.011779 seconds 
  Import took 0.015122 seconds .

========================================================================
Received Import Request.
  Time since last request: 9.802786 seconds.
  path: Assets/Game Folders/Scripts/Concretes
  artifactKey: Guid(59ccae25ef6c775448e1ae18e976e4f4) Importer(815301076,1909f56bfc062723c751e8b465ee728b)
Start importing Assets/Game Folders/Scripts/Concretes using Guid(59ccae25ef6c775448e1ae18e976e4f4) Importer(815301076,1909f56bfc062723c751e8b465ee728b)  -> (artifact id: 'ad4e3a24b2a8ee390853225f9580d1a3') in 0.008689 seconds 
  Import took 0.013334 seconds .

========================================================================
Received Import Request.
  Time since last request: 17.806896 seconds.
  path: Assets/Game Folders/Arts
  artifactKey: Guid(a79b0754d57561d4795fd3b94dd4a0c4) Importer(815301076,1909f56bfc062723c751e8b465ee728b)
Start importing Assets/Game Folders/Arts using Guid(a79b0754d57561d4795fd3b94dd4a0c4) Importer(815301076,1909f56bfc062723c751e8b465ee728b)  -> (artifact id: '9f54d9302cf5ba7b545e6c46a8657d1d') in 0.008371 seconds 
  Import took 0.010907 seconds .

========================================================================
Received Import Request.
  Time since last request: 8.111375 seconds.
  path: Assets/Game Folders/Arts/Models
  artifactKey: Guid(fad85303db7e8d14283473862146494d) Importer(815301076,1909f56bfc062723c751e8b465ee728b)
Start importing Assets/Game Folders/Arts/Models using Guid(fad85303db7e8d14283473862146494d) Importer(815301076,1909f56bfc062723c751e8b465ee728b)  -> (artifact id: '69c90a0e2e419da5ba738c379c5601ca') in 0.009842 seconds 
  Import took 0.012893 seconds .

========================================================================
Received Import Request.
  Time since last request: 5.521585 seconds.
  path: Assets/Game Folders/Arts/Materials
  artifactKey: Guid(ee983924d9f3f9249bf26482c8426c08) Importer(815301076,1909f56bfc062723c751e8b465ee728b)
Start importing Assets/Game Folders/Arts/Materials using Guid(ee983924d9f3f9249bf26482c8426c08) Importer(815301076,1909f56bfc062723c751e8b465ee728b)  -> (artifact id: 'a27e5b8a9d0253305d5bcd7d075a194c') in 0.007382 seconds 
  Import took 0.011310 seconds .

AssetImportWorkerClient::OnTransportError - code=2 error=End of file
